Arquivo de log iniciado!
Pipe sendo criando...
Falha de inicializacao do PIPE
Arquivo de log iniciado!
Pipe sendo criando...
Falha de inicializacao do PIPE
Arquivo de log iniciado!
Pipe sendo criando...
Falha de inicializacao do PIPE
Arquivo de log iniciado!
Pipe sendo criando...
Falha de inicializacao do PIPE
Arquivo de log iniciado!
Pipe sendo criando...
Falha de inicializacao do PIPE
Arquivo de log iniciado!
Pipe sendo criando...
Falha de inicializacao do PIPE
Arquivo de log iniciado!
Pipe sendo criando...
Falha de inicializacao do PIPE
Arquivo de log iniciado!
Pipe sendo criando...
Falha de inicializacao do PIPE
Arquivo de log iniciado!
Pipe sendo criando...
Enviando sensores: 1
Enviando sensores: 2
Enviando sensores: 3
Enviando sensores: 4
Enviando sensores: 5
Enviando sensores: 6
Enviando sensores: 7
Enviando sensores: 8
Enviando sensores: 9
Enviando sensores: 10
Enviando sensores: 11
Enviando sensores: 12
Enviando sensores: 13
Enviando sensores: 14
Enviando sensores: 15
Enviando sensores: 16
Enviando sensores: 17
Enviando sensores: 18
Enviando sensores: 19
Enviando sensores: 20
Enviando sensores: 21
Enviando sensores: 22
Enviando sensores: 23
Enviando sensores: 24
Enviando sensores: 25
Enviando sensores: 26
Enviando sensores: 27
Enviando sensores: 28
Enviando sensores: 29
Enviando sensores: 30
Enviando sensores: 31
Enviando sensores: 32
Enviando sensores: 33
Enviando sensores: 34
Enviando sensores: 35
Enviando sensores: 36
Enviando sensores: 37
Enviando sensores: 38
Enviando sensores: 39
Enviando sensores: 40
Enviando sensores: 41
Enviando sensores: 42
Enviando sensores: 43
Enviando sensores: 44
Enviando sensores: 45
Enviando sensores: 46
Enviando sensores: 47
Enviando sensores: 48
Enviando sensores: 49
Enviando sensores: 50
Enviando sensores: 51
Enviando sensores: 52
Enviando sensores: 53
Enviando sensores: 54
Enviando sensores: 55
Enviando sensores: 56
Enviando sensores: 57
Enviando sensores: 58
Enviando sensores: 59
Enviando sensores: 60
Enviando sensores: 61
Enviando sensores: 62
Enviando sensores: 63
Enviando sensores: 64
Enviando sensores: 65
Enviando sensores: 66
Enviando sensores: 67
Enviando sensores: 68
Enviando sensores: 69
Enviando sensores: 70
Enviando sensores: 71
Enviando sensores: 72
Enviando sensores: 73
Enviando sensores: 74
Enviando sensores: 75
Enviando sensores: 76
Enviando sensores: 77
Enviando sensores: 78
Enviando sensores: 79
Daemon de sensoriamento finalizado!
Arquivo de log iniciado!
Pipe sendo criando...
Enviando sensores: 1
Enviando sensores: 2
Enviando sensores: 3
Enviando sensores: 4
Enviando sensores: 5
Enviando sensores: 6
Enviando sensores: 7
Enviando sensores: 8
Enviando sensores: 9
Enviando sensores: 10
Enviando sensores: 11
Enviando sensores: 12
Enviando sensores: 13
Enviando sensores: 14
Enviando sensores: 15
Enviando sensores: 16
Enviando sensores: 17
Enviando sensores: 18
Enviando sensores: 19
Enviando sensores: 20
Enviando sensores: 21
Enviando sensores: 22
Enviando sensores: 23
Enviando sensores: 24
Enviando sensores: 25
Enviando sensores: 26
Enviando sensores: 27
Enviando sensores: 28
Enviando sensores: 29
Enviando sensores: 30
Enviando sensores: 31
Enviando sensores: 32
Enviando sensores: 33
Enviando sensores: 34
Enviando sensores: 35
Enviando sensores: 36
Enviando sensores: 37
Enviando sensores: 38
Enviando sensores: 39
Enviando sensores: 40
Enviando sensores: 41
Enviando sensores: 42
Enviando sensores: 43
Enviando sensores: 44
Enviando sensores: 45
Enviando sensores: 46
Enviando sensores: 47
Enviando sensores: 48
Enviando sensores: 49
Enviando sensores: 50
Enviando sensores: 51
Enviando sensores: 52
Enviando sensores: 53
Daemon de sensoriamento finalizado!
Arquivo de log iniciado!
Pipe sendo criando...
Enviando sensores: 1
Enviando sensores: 2
Enviando sensores: 3
Enviando sensores: 4
Enviando sensores: 5
Enviando sensores: 6
Enviando sensores: 7
Enviando sensores: 8
Enviando sensores: 9
Enviando sensores: 10
Enviando sensores: 11
Enviando sensores: 12
Enviando sensores: 13
Enviando sensores: 14
Enviando sensores: 15
Enviando sensores: 16
Enviando sensores: 17
Enviando sensores: 18
Enviando sensores: 19
Enviando sensores: 20
Enviando sensores: 21
Enviando sensores: 22
Enviando sensores: 23
Enviando sensores: 24
Enviando sensores: 25
Enviando sensores: 26
Enviando sensores: 27
Enviando sensores: 28
Enviando sensores: 29
Enviando sensores: 30
Enviando sensores: 31
Enviando sensores: 32
Enviando sensores: 33
Enviando sensores: 34
Enviando sensores: 35
Enviando sensores: 36
Enviando sensores: 37
Enviando sensores: 38
Enviando sensores: 39
Enviando sensores: 40
Enviando sensores: 41
Enviando sensores: 42
Enviando sensores: 43
Enviando sensores: 44
Enviando sensores: 45
Enviando sensores: 46
Enviando sensores: 47
Enviando sensores: 48
Enviando sensores: 49
Enviando sensores: 50
Enviando sensores: 51
Enviando sensores: 52
Daemon de sensoriamento finalizado!
Arquivo de log iniciado!
Pipe sendo criando...
Enviando sensores: 3224322
Enviando sensores: 825426442
Enviando sensores: 876099129
Enviando sensores: 221262134
Enviando sensores: 876099082
Enviando sensores: 221262134
Enviando sensores: 825426442
Enviando sensores: 876099129
Enviando sensores: 221262134
Enviando sensores: 825426442
Enviando sensores: 876099129
Enviando sensores: 221262134
Enviando sensores: 825426442
Enviando sensores: 876099129
Enviando sensores: 221262134
Enviando sensores: 825426442
Enviando sensores: 876099129
Enviando sensores: 221262134
Enviando sensores: 825426442
Enviando sensores: 876099129
Enviando sensores: 221262134
Enviando sensores: 825426442
Enviando sensores: 876099129
Enviando sensores: 221262134
Enviando sensores: 825426442
Enviando sensores: 876099129
Enviando sensores: 221262134
Enviando sensores: 825426442
Enviando sensores: 876099129
Enviando sensores: 221262134
Enviando sensores: 825426442
Enviando sensores: 876099129
Enviando sensores: 221262134
Enviando sensores: 825426442
Enviando sensores: 876099129
Enviando sensores: 221262134
Enviando sensores: 876099082
Enviando sensores: 221262134
Enviando sensores: 825426442
Enviando sensores: 876099129
Enviando sensores: 221262134
Enviando sensores: 825426442
Enviando sensores: 876099129
Enviando sensores: 221262134
Enviando sensores: 825426442
Enviando sensores: 876099129
Enviando sensores: 221262134
Enviando sensores: 825426442
Enviando sensores: 876099129
Enviando sensores: 221262134
Enviando sensores: 825426442
Enviando sensores: 876099129
Enviando sensores: 221262134
Enviando sensores: 825426442
Enviando sensores: 876099129
Enviando sensores: 221262134
Enviando sensores: 825426442
Enviando sensores: 876099129
Enviando sensores: 221262134
Enviando sensores: 825426442
Enviando sensores: 876099129
Enviando sensores: 221262134
Enviando sensores: 825426442
Enviando sensores: 876099129
Enviando sensores: 221262134
Enviando sensores: 825426442
Enviando sensores: 876099129
Enviando sensores: 221262134
Enviando sensores: 825426442
Enviando sensores: 876099129
Enviando sensores: 221262134
Enviando sensores: 825426442
Enviando sensores: 876099129
Enviando sensores: 221262134
Enviando sensores: 825426442
Enviando sensores: 876099129
Enviando sensores: 221262134
Enviando sensores: 825426442
Enviando sensores: 876099129
Enviando sensores: 221262134
Enviando sensores: 825426442
Enviando sensores: 876099129
Enviando sensores: 221262134
Enviando sensores: 825426442
Daemon de sensoriamento finalizado!
Arquivo de log iniciado!
Pipe sendo criando...
Enviando sensores: 3224335
Enviando sensores: 168638513
Enviando sensores: 959525647
Enviando sensores: 842086456
Enviando sensores: 168638513
Enviando sensores: 959525647
Enviando sensores: 842086456
Enviando sensores: 168638513
Enviando sensores: 959525647
Enviando sensores: 842086456
Daemon de sensoriamento finalizado!
Arquivo de log iniciado!
Pipe sendo criando...
Enviando sensores: 3224335
Enviando sensores: 252316984
Enviando sensores: 943272243
Enviando sensores: 825372984
Enviando sensores: 252316984
Enviando sensores: 943272243
Enviando sensores: 825372984
Enviando sensores: 252316984
Enviando sensores: 943272243
Enviando sensores: 825372984
Enviando sensores: 252316984
Enviando sensores: 943272243
Enviando sensores: 825372984
Enviando sensores: 252316984
Enviando sensores: 943272243
Enviando sensores: 825372984
Enviando sensores: 252316984
Enviando sensores: 943272243
Enviando sensores: 825372984
Enviando sensores: 252316984
Enviando sensores: 943272243
Enviando sensores: 825372984
Enviando sensores: 252316984
Enviando sensores: 943272243
Enviando sensores: 825372984
Problemas em conectar com a porta
Problemas em conectar com a porta
Problemas em conectar com a porta
Problemas em conectar com a porta
Problemas em conectar com a porta
Problemas em conectar com a porta
Problemas em conectar com a porta
Daemon de sensoriamento finalizado!
Arquivo de log iniciado!
Pipe sendo criando...
Problemas em conectar com a porta
Problemas em conectar com a porta
Problemas em conectar com a porta
Problemas em conectar com a porta
Problemas em conectar com a porta
Problemas em conectar com a porta
Problemas em conectar com a porta
Problemas em conectar com a porta
Problemas em conectar com a porta
Problemas em conectar com a porta
Problemas em conectar com a porta
Problemas em conectar com a porta
Problemas em conectar com a porta
Problemas em conectar com a porta
Problemas em conectar com a porta
Problemas em conectar com a porta
Problemas em conectar com a porta
Problemas em conectar com a porta
Problemas em conectar com a porta
Problemas em conectar com a porta
Problemas em conectar com a porta
Problemas em conectar com a porta
Problemas em conectar com a porta
Problemas em conectar com a porta
Daemon de sensoriamento finalizado!
Arquivo de log iniciado!
Pipe sendo criando...
Problemas em conectar com a porta
Problemas em conectar com a porta
Problemas em conectar com a porta
Problemas em conectar com a porta
Problemas em conectar com a porta
Problemas em conectar com a porta
Problemas em conectar com a porta
Problemas em conectar com a porta
Problemas em conectar com a porta
Problemas em conectar com a porta
Problemas em conectar com a porta
Problemas em conectar com a porta
Problemas em conectar com a porta
Problemas em conectar com a porta
Problemas em conectar com a porta
Daemon de sensoriamento finalizado!
Arquivo de log iniciado!
Pipe sendo criando...
Enviando sensores: 15
Enviando sensores: 892418105
Enviando sensores: 221329462
Enviando sensores: 825429770
Enviando sensores: 892418105
Enviando sensores: 221329462
Enviando sensores: 825429770
Enviando sensores: 892418105
Enviando sensores: 221329462
Enviando sensores: 825429770
Enviando sensores: 892418105
Enviando sensores: 221329462
Enviando sensores: 825429770
Enviando sensores: 892418105
Enviando sensores: 221329462
Enviando sensores: 892418058
Enviando sensores: 221329462
Enviando sensores: 825429770
Enviando sensores: 892418105
Enviando sensores: 221329462
Enviando sensores: 825429770
Enviando sensores: 892418105
Enviando sensores: 221329462
Enviando sensores: 825429770
Enviando sensores: 892418105
Enviando sensores: 221329462
Enviando sensores: 825429770
Enviando sensores: 892418105
Enviando sensores: 221329462
Enviando sensores: 825429770
Enviando sensores: 892418105
Enviando sensores: 221329462
Enviando sensores: 825429770
Enviando sensores: 892418105
Enviando sensores: 221329462
Enviando sensores: 825429770
Enviando sensores: 892418105
Enviando sensores: 221329462
Enviando sensores: 825429770
Enviando sensores: 892418105
Enviando sensores: 221329462
Enviando sensores: 825429770
Enviando sensores: 892418105
Enviando sensores: 221329462
Enviando sensores: 825429770
Enviando sensores: 892418105
Enviando sensores: 221329462
Enviando sensores: 825429770
Enviando sensores: 892418105
Enviando sensores: 221329462
Enviando sensores: 825429770
Enviando sensores: 892418105
Enviando sensores: 221329462
Enviando sensores: 825429770
Enviando sensores: 892418105
Enviando sensores: 221329462
Enviando sensores: 825429770
Enviando sensores: 808793913
Enviando sensores: 221590577
Enviando sensores: 825429770
Enviando sensores: 808793913
Enviando sensores: 221590577
Enviando sensores: 825429770
Enviando sensores: 808793913
Enviando sensores: 221590577
Enviando sensores: 825429770
Enviando sensores: 808793913
Enviando sensores: 221590577
Enviando sensores: 825429770
Enviando sensores: 808793913
Enviando sensores: 221590577
Enviando sensores: 825429770
Enviando sensores: 808793913
Enviando sensores: 221590577
Enviando sensores: 825429770
Enviando sensores: 808793913
Enviando sensores: 221590577
Enviando sensores: 825429770
Enviando sensores: 808793913
Enviando sensores: 221590577
Enviando sensores: 825429770
Enviando sensores: 808793913
Enviando sensores: 221590577
Enviando sensores: 825429770
Enviando sensores: 876099129
Enviando sensores: 221851702
Enviando sensores: 825429770
Enviando sensores: 876099129
Enviando sensores: 221851702
Enviando sensores: 825429770
Enviando sensores: 876099129
Enviando sensores: 221851702
Enviando sensores: 825429770
Enviando sensores: 876099129
Enviando sensores: 221851702
Enviando sensores: 825429770
Enviando sensores: 876099129
Enviando sensores: 221851702
Enviando sensores: 825429770
Enviando sensores: 808793913
Enviando sensores: 221590577
Enviando sensores: 825429770
Enviando sensores: 808793913
Enviando sensores: 221590577
Enviando sensores: 825429770
Enviando sensores: 808793913
Enviando sensores: 221590577
Enviando sensores: 825429770
Enviando sensores: 808793913
Enviando sensores: 221590577
Enviando sensores: 825429770
Enviando sensores: 808793913
Enviando sensores: 221590577
Enviando sensores: 825429770
Enviando sensores: 808793913
Enviando sensores: 221590577
Enviando sensores: 825429770
Enviando sensores: 808793913
Daemon de sensoriamento finalizado!
Arquivo de log iniciado!
Pipe sendo criando...
Enviando sensores: 3224321
Enviando sensores: 221720882
Enviando sensores: 825426186
Enviando sensores: 825767993
Enviando sensores: 221720882
Enviando sensores: 825426186
Enviando sensores: 825767993
Enviando sensores: 221720882
Enviando sensores: 825426186
Enviando sensores: 825767993
Enviando sensores: 221720882
Enviando sensores: 825426186
Enviando sensores: 825767993
Enviando sensores: 221720882
Enviando sensores: 825426186
Enviando sensores: 825767993
Enviando sensores: 221720882
Enviando sensores: 825426186
Enviando sensores: 825767993
Enviando sensores: 221720882
Enviando sensores: 825426186
Enviando sensores: 825767993
Enviando sensores: 221720882
Enviando sensores: 825426186
Enviando sensores: 825767993
Enviando sensores: 221720882
Enviando sensores: 825426186
Enviando sensores: 825767993
Enviando sensores: 221720882
Enviando sensores: 825426186
Enviando sensores: 825767993
Enviando sensores: 221720882
Enviando sensores: 825426186
Enviando sensores: 825767993
Enviando sensores: 221720882
Enviando sensores: 825426186
Enviando sensores: 825767993
Enviando sensores: 221720882
Enviando sensores: 825426186
Enviando sensores: 825767993
Enviando sensores: 221720882
Enviando sensores: 825426186
Enviando sensores: 825767993
Enviando sensores: 221720882
Enviando sensores: 825426186
Enviando sensores: 825767993
Enviando sensores: 221720882
Enviando sensores: 825426186
Enviando sensores: 892418105
Enviando sensores: 221329462
Enviando sensores: 825426186
Enviando sensores: 892418105
Enviando sensores: 221329462
Enviando sensores: 825426186
Enviando sensores: 892418105
Enviando sensores: 221329462
Enviando sensores: 825426186
Enviando sensores: 892418105
Enviando sensores: 221329462
Enviando sensores: 825426186
Enviando sensores: 892418105
Enviando sensores: 221329462
Enviando sensores: 825426186
Enviando sensores: 892418105
Enviando sensores: 221329462
Enviando sensores: 825426186
Enviando sensores: 892418105
Enviando sensores: 221329462
Enviando sensores: 825426186
Enviando sensores: 892418105
Enviando sensores: 221329462
Enviando sensores: 825426186
Enviando sensores: 892418105
Enviando sensores: 221329462
Enviando sensores: 825426186
Enviando sensores: 892418105
Enviando sensores: 221329462
Enviando sensores: 825426186
Enviando sensores: 892418105
Enviando sensores: 221329462
Enviando sensores: 825426186
Enviando sensores: 892418105
Enviando sensores: 221329462
Enviando sensores: 825426186
Enviando sensores: 892418105
Enviando sensores: 221329462
Enviando sensores: 825426186
Enviando sensores: 892418105
Enviando sensores: 221329462
Enviando sensores: 825426186
Enviando sensores: 892418105
Enviando sensores: 221329462
Enviando sensores: 825426186
Enviando sensores: 892418105
Enviando sensores: 221329462
Enviando sensores: 825426186
Enviando sensores: 892418105
Enviando sensores: 221329462
Enviando sensores: 825426186
Enviando sensores: 892418105
Enviando sensores: 221329462
Enviando sensores: 825426186
Enviando sensores: 892418105
Enviando sensores: 221329462
Enviando sensores: 825426186
Enviando sensores: 892418105
Enviando sensores: 221329462
Enviando sensores: 825426186
Enviando sensores: 892418105
Enviando sensores: 221329462
Enviando sensores: 825426186
Enviando sensores: 808793913
Enviando sensores: 221590577
Enviando sensores: 825426186
Enviando sensores: 808793913
Enviando sensores: 221590577
Enviando sensores: 825426186
Enviando sensores: 808793913
Enviando sensores: 221590577
Enviando sensores: 825426186
Enviando sensores: 808793913
Enviando sensores: 221590577
Enviando sensores: 825426186
Enviando sensores: 808793913
Enviando sensores: 221590577
Enviando sensores: 825426186
Enviando sensores: 808793913
Enviando sensores: 221590577
Enviando sensores: 825426186
Enviando sensores: 808793913
Enviando sensores: 221590577
Enviando sensores: 825426186
Enviando sensores: 808793913
Enviando sensores: 221590577
Enviando sensores: 825426186
Enviando sensores: 808793913
Enviando sensores: 221590577
Enviando sensores: 825426186
Enviando sensores: 808793913
Enviando sensores: 221590577
Enviando sensores: 825426186
Enviando sensores: 808793913
Enviando sensores: 221590577
Enviando sensores: 825426186
Enviando sensores: 808793913
Enviando sensores: 221590577
Enviando sensores: 825426186
Enviando sensores: 808793913
Enviando sensores: 221590577
Enviando sensores: 825426186
Enviando sensores: 808793913
Enviando sensores: 221590577
Enviando sensores: 825426186
Enviando sensores: 892418105
Enviando sensores: 221329462
Enviando sensores: 825426186
Enviando sensores: 892418105
Enviando sensores: 221329462
Enviando sensores: 825426186
Enviando sensores: 892418105
Enviando sensores: 221329462
Enviando sensores: 825426186
Enviando sensores: 892418105
Enviando sensores: 221329462
Enviando sensores: 825426186
Enviando sensores: 892418105
Enviando sensores: 221329462
Enviando sensores: 825426186
Enviando sensores: 892418105
Enviando sensores: 221329462
Enviando sensores: 825426186
Enviando sensores: 808793913
Enviando sensores: 221590577
Enviando sensores: 825426186
Enviando sensores: 892418105
Enviando sensores: 221329462
Enviando sensores: 825426186
Enviando sensores: 808793913
Enviando sensores: 221590577
Enviando sensores: 825426186
Enviando sensores: 808793913
Enviando sensores: 221590577
Enviando sensores: 825426186
Enviando sensores: 808793913
Enviando sensores: 221590577
Enviando sensores: 825426186
Enviando sensores: 808793913
Enviando sensores: 221590577
Enviando sensores: 825426186
Enviando sensores: 892418105
Enviando sensores: 221329462
Enviando sensores: 825426186
Enviando sensores: 892418105
Enviando sensores: 221329462
Enviando sensores: 825426186
Enviando sensores: 892418105
Enviando sensores: 221329462
Enviando sensores: 825426186
Enviando sensores: 892418105
Enviando sensores: 221329462
Enviando sensores: 825426186
Enviando sensores: 892418105
Enviando sensores: 221329462
Enviando sensores: 825426186
Enviando sensores: 892418105
Enviando sensores: 221329462
Enviando sensores: 825426186
Enviando sensores: 892418105
Enviando sensores: 221329462
Enviando sensores: 825426186
Enviando sensores: 892418105
Enviando sensores: 221329462
Enviando sensores: 825426186
Enviando sensores: 892418105
Enviando sensores: 221329462
Enviando sensores: 825426186
Enviando sensores: 892418105
Enviando sensores: 221329462
Enviando sensores: 825426186
Enviando sensores: 892418105
Enviando sensores: 221329462
Enviando sensores: 825426186
Enviando sensores: 808793913
Enviando sensores: 221590577
Enviando sensores: 825426186
Enviando sensores: 808793913
Enviando sensores: 221590577
Enviando sensores: 825426186
Enviando sensores: 808793913
Enviando sensores: 221590577
Enviando sensores: 825426186
Enviando sensores: 808793913
Enviando sensores: 221590577
Enviando sensores: 825426186
Enviando sensores: 892418105
Enviando sensores: 221329462
Enviando sensores: 825426186
Enviando sensores: 892418105
Enviando sensores: 221329462
Enviando sensores: 825426186
Enviando sensores: 892418105
Enviando sensores: 221329462
Enviando sensores: 825426186
Enviando sensores: 808793913
Enviando sensores: 221590577
Enviando sensores: 825426186
Enviando sensores: 808793913
Enviando sensores: 221590577
Enviando sensores: 825426186
Enviando sensores: 808793913
Enviando sensores: 221590577
Enviando sensores: 825426186
Enviando sensores: 808793913
Enviando sensores: 221590577
Enviando sensores: 825426186
Enviando sensores: 808793913
Enviando sensores: 221590577
Enviando sensores: 825426186
Enviando sensores: 808793913
Enviando sensores: 221590577
Enviando sensores: 825426186
Enviando sensores: 808793913
Enviando sensores: 221590577
Enviando sensores: 825426186
Enviando sensores: 808793913
Enviando sensores: 221590577
Enviando sensores: 825426186
Enviando sensores: 808793913
Enviando sensores: 221590577
Enviando sensores: 825426186
Enviando sensores: 808793913
Enviando sensores: 221590577
Enviando sensores: 825426186
Enviando sensores: 808793913
Enviando sensores: 221590577
Enviando sensores: 825426186
Enviando sensores: 808793913
Enviando sensores: 221590577
Enviando sensores: 825426186
Enviando sensores: 808793913
Enviando sensores: 221590577
Enviando sensores: 825426186
Enviando sensores: 808793913
Enviando sensores: 221590577
Enviando sensores: 825426186
Enviando sensores: 808793913
Enviando sensores: 221590577
Enviando sensores: 825426186
Enviando sensores: 808793913
Enviando sensores: 221590577
Enviando sensores: 825426186
Enviando sensores: 808793913
Enviando sensores: 221590577
Enviando sensores: 825426186
Enviando sensores: 808793913
Enviando sensores: 221590577
Enviando sensores: 825426186
Enviando sensores: 808793913
Enviando sensores: 221590577
Enviando sensores: 825426186
Enviando sensores: 808793913
Enviando sensores: 221590577
Enviando sensores: 825426186
Enviando sensores: 808793913
Enviando sensores: 221590577
Enviando sensores: 825426186
Enviando sensores: 808793913
Enviando sensores: 221590577
Enviando sensores: 825426186
Enviando sensores: 892418105
Enviando sensores: 221329462
Enviando sensores: 825426186
Enviando sensores: 892418105
Enviando sensores: 221329462
Enviando sensores: 825426186
Enviando sensores: 892418105
Enviando sensores: 221329462
Enviando sensores: 825426186
Enviando sensores: 892418105
Enviando sensores: 221329462
Enviando sensores: 825426186
Enviando sensores: 892418105
Enviando sensores: 221329462
Enviando sensores: 825426186
Enviando sensores: 892418105
Enviando sensores: 221329462
Enviando sensores: 825426186
Enviando sensores: 892418105
Enviando sensores: 221329462
Enviando sensores: 825426186
Enviando sensores: 892418105
Enviando sensores: 221329462
Enviando sensores: 825426186
Enviando sensores: 892418105
Enviando sensores: 221329462
Enviando sensores: 825426186
Enviando sensores: 892418105
Enviando sensores: 221329462
Enviando sensores: 825426186
Enviando sensores: 892418105
Enviando sensores: 221329462
Enviando sensores: 825426186
Enviando sensores: 892418105
Enviando sensores: 221329462
Enviando sensores: 825426186
Enviando sensores: 892418105
Enviando sensores: 221329462
Enviando sensores: 825426186
Enviando sensores: 892418105
Enviando sensores: 221329462
Enviando sensores: 825426186
Enviando sensores: 892418105
Enviando sensores: 221329462
Enviando sensores: 825426186
Enviando sensores: 892418105
Enviando sensores: 221329462
Enviando sensores: 825426186
Enviando sensores: 892418105
Enviando sensores: 221329462
Enviando sensores: 825426186
Enviando sensores: 892418105
Enviando sensores: 221329462
Enviando sensores: 825426186
Enviando sensores: 892418105
Enviando sensores: 221329462
Enviando sensores: 825426186
Enviando sensores: 892418105
Enviando sensores: 221329462
Enviando sensores: 825426186
Enviando sensores: 892418105
Enviando sensores: 221329462
Enviando sensores: 825426186
Enviando sensores: 892418105
Enviando sensores: 221329462
Enviando sensores: 825426186
Enviando sensores: 892418105
Enviando sensores: 221329462
Enviando sensores: 825426186
Enviando sensores: 892418105
Enviando sensores: 221329462
Enviando sensores: 825426186
Enviando sensores: 892418105
Enviando sensores: 221329462
Enviando sensores: 825426186
Enviando sensores: 892418105
Enviando sensores: 221329462
Enviando sensores: 825426186
Enviando sensores: 892418105
Enviando sensores: 221329462
Enviando sensores: 825426186
Enviando sensores: 892418105
Enviando sensores: 221329462
Enviando sensores: 825426186
Enviando sensores: 892418105
Enviando sensores: 221329462
Enviando sensores: 825426186
Enviando sensores: 892418105
Enviando sensores: 221329462
Enviando sensores: 825426186
Enviando sensores: 892418105
Enviando sensores: 221329462
Enviando sensores: 825426186
Enviando sensores: 892418105
Enviando sensores: 221329462
Enviando sensores: 825426186
Enviando sensores: 892418105
Enviando sensores: 221329462
Enviando sensores: 825426186
Enviando sensores: 892418105
Enviando sensores: 221329462
Enviando sensores: 825426186
Enviando sensores: 892418105
Enviando sensores: 221329462
Enviando sensores: 825426186
Enviando sensores: 892418105
Enviando sensores: 221329462
Enviando sensores: 825426186
Enviando sensores: 892418105
Enviando sensores: 221329462
Enviando sensores: 825426186
Enviando sensores: 892418105
Enviando sensores: 221329462
Enviando sensores: 825426186
Enviando sensores: 892418105
Enviando sensores: 221329462
Enviando sensores: 825426186
Enviando sensores: 892418105
Enviando sensores: 221329462
Enviando sensores: 825426186
Enviando sensores: 808793913
Enviando sensores: 221590577
Enviando sensores: 825426186
Enviando sensores: 808793913
Enviando sensores: 221590577
Enviando sensores: 825426186
Enviando sensores: 808793913
Enviando sensores: 221590577
Enviando sensores: 825426186
Enviando sensores: 808793913
Enviando sensores: 221590577
Enviando sensores: 825426186
Enviando sensores: 808793913
Enviando sensores: 221590577
Enviando sensores: 825426186
Enviando sensores: 808793913
Enviando sensores: 221590577
Enviando sensores: 825426186
Enviando sensores: 808793913
Enviando sensores: 221590577
Enviando sensores: 825426186
Enviando sensores: 808793913
Enviando sensores: 221590577
Enviando sensores: 825426186
Enviando sensores: 808793913
Enviando sensores: 221590577
Enviando sensores: 825426186
Enviando sensores: 808793913
Enviando sensores: 221590577
Enviando sensores: 825426186
Enviando sensores: 808793913
Enviando sensores: 221590577
Enviando sensores: 825426186
Enviando sensores: 808793913
Enviando sensores: 221590577
Enviando sensores: 825426186
Enviando sensores: 808793913
Enviando sensores: 221590577
Enviando sensores: 825426186
Enviando sensores: 808793913
Enviando sensores: 221590577
Enviando sensores: 825426186
Enviando sensores: 808793913
Enviando sensores: 221590577
Enviando sensores: 825426186
Enviando sensores: 808793913
Enviando sensores: 221590577
Enviando sensores: 825426186
Enviando sensores: 808793913
Enviando sensores: 221590577
Enviando sensores: 825426186
Enviando sensores: 808793913
Enviando sensores: 221590577
Enviando sensores: 825426186
Enviando sensores: 808793913
Enviando sensores: 221590577
Enviando sensores: 825426186
Enviando sensores: 808793913
Enviando sensores: 221590577
Enviando sensores: 825426186
Enviando sensores: 808793913
Enviando sensores: 221590577
Enviando sensores: 825426186
Enviando sensores: 808793913
Enviando sensores: 221590577
Enviando sensores: 825426186
Enviando sensores: 808793913
Enviando sensores: 221590577
Enviando sensores: 825426186
Enviando sensores: 808793913
Enviando sensores: 221590577
Enviando sensores: 825426186
Enviando sensores: 808793913
Enviando sensores: 221590577
Enviando sensores: 825426186
Enviando sensores: 808793913
Enviando sensores: 221590577
Enviando sensores: 825426186
Enviando sensores: 808793913
Enviando sensores: 221590577
Enviando sensores: 825426186
Enviando sensores: 808793913
Enviando sensores: 221590577
Enviando sensores: 825426186
Enviando sensores: 808793913
Enviando sensores: 221590577
Enviando sensores: 825426186
Enviando sensores: 808793913
Enviando sensores: 221590577
Enviando sensores: 825426186
Enviando sensores: 808793913
Enviando sensores: 221590577
Enviando sensores: 825426186
Enviando sensores: 808793913
Enviando sensores: 221590577
Enviando sensores: 825426186
Enviando sensores: 808793913
Enviando sensores: 221590577
Enviando sensores: 825426186
Enviando sensores: 808793913
Enviando sensores: 221590577
Enviando sensores: 825426186
Enviando sensores: 808793913
Enviando sensores: 221590577
Enviando sensores: 825426186
Enviando sensores: 808793913
Enviando sensores: 221590577
Enviando sensores: 825426186
Enviando sensores: 808793913
Enviando sensores: 221590577
Enviando sensores: 825426186
Enviando sensores: 808793913
Enviando sensores: 221590577
Enviando sensores: 825426186
Enviando sensores: 808793913
Enviando sensores: 221590577
Enviando sensores: 825426186
Enviando sensores: 808793913
Enviando sensores: 221590577
Enviando sensores: 825426186
Enviando sensores: 808793913
Enviando sensores: 221590577
Enviando sensores: 825426186
Enviando sensores: 808793913
Enviando sensores: 221590577
Enviando sensores: 825426186
Enviando sensores: 808793913
Enviando sensores: 221590577
Enviando sensores: 825426186
Enviando sensores: 876099129
Enviando sensores: 221851702
Enviando sensores: 825426186
Enviando sensores: 808793913
Enviando sensores: 221590577
Enviando sensores: 825426186
Enviando sensores: 808793913
Enviando sensores: 221590577
Enviando sensores: 825426186
Enviando sensores: 876099129
Enviando sensores: 221851702
Enviando sensores: 825426186
Enviando sensores: 876099129
Enviando sensores: 221851702
Enviando sensores: 825426186
Enviando sensores: 876099129
Enviando sensores: 221851702
Enviando sensores: 825426186
Enviando sensores: 876099129
Enviando sensores: 221851702
Enviando sensores: 825426186
Enviando sensores: 876099129
Enviando sensores: 221851702
Enviando sensores: 825426186
Enviando sensores: 876099129
Enviando sensores: 221851702
Enviando sensores: 825426186
Enviando sensores: 876099129
Enviando sensores: 221851702
Enviando sensores: 825426186
Enviando sensores: 876099129
Enviando sensores: 221851702
Enviando sensores: 825426186
Enviando sensores: 876099129
Enviando sensores: 221851702
Enviando sensores: 825426186
Enviando sensores: 876099129
Enviando sensores: 221851702
Enviando sensores: 825426186
Enviando sensores: 876099129
Enviando sensores: 221851702
Enviando sensores: 825426186
Enviando sensores: 876099129
Enviando sensores: 221851702
Enviando sensores: 825426186
Enviando sensores: 876099129
Enviando sensores: 221851702
Enviando sensores: 825426186
Enviando sensores: 876099129
Enviando sensores: 221851702
Enviando sensores: 825426186
Enviando sensores: 876099129
Enviando sensores: 221851702
Enviando sensores: 825426186
Enviando sensores: 876099129
Enviando sensores: 221851702
Enviando sensores: 825426186
Enviando sensores: 876099129
Enviando sensores: 221851702
Enviando sensores: 825426186
Enviando sensores: 876099129
Enviando sensores: 221851702
Enviando sensores: 825426186
Enviando sensores: 876099129
Enviando sensores: 221851702
Enviando sensores: 825426186
Enviando sensores: 876099129
Enviando sensores: 221851702
Enviando sensores: 825426186
Enviando sensores: 876099129
Enviando sensores: 221851702
Enviando sensores: 825426186
Enviando sensores: 876099129
Enviando sensores: 221851702
Enviando sensores: 825426186
Enviando sensores: 876099129
Enviando sensores: 221851702
Enviando sensores: 825426186
Enviando sensores: 876099129
Enviando sensores: 221851702
Enviando sensores: 825426186
Enviando sensores: 876099129
Enviando sensores: 221851702
Enviando sensores: 825426186
Enviando sensores: 808793913
Enviando sensores: 221590577
Enviando sensores: 825426186
Enviando sensores: 876099129
Enviando sensores: 221851702
Enviando sensores: 825426186
Enviando sensores: 808793913
Enviando sensores: 221590577
Enviando sensores: 825426186
Enviando sensores: 808793913
Enviando sensores: 221590577
Enviando sensores: 825426186
Enviando sensores: 808793913
Enviando sensores: 221590577
Enviando sensores: 825426186
Enviando sensores: 808793913
Enviando sensores: 221590577
Enviando sensores: 825426186
Enviando sensores: 808793913
Enviando sensores: 221590577
Enviando sensores: 825426186
Enviando sensores: 808793913
Enviando sensores: 221590577
Enviando sensores: 825426186
Enviando sensores: 808793913
Enviando sensores: 221590577
Enviando sensores: 825426186
Enviando sensores: 808793913
Enviando sensores: 221590577
Enviando sensores: 825426186
Enviando sensores: 808793913
Enviando sensores: 221590577
Enviando sensores: 825426186
Enviando sensores: 808793913
Enviando sensores: 221590577
Enviando sensores: 825426186
Enviando sensores: 808793913
Enviando sensores: 221590577
Enviando sensores: 825426186
Enviando sensores: 808793913
Enviando sensores: 221590577
Enviando sensores: 825426186
Enviando sensores: 876099129
Enviando sensores: 221851702
Enviando sensores: 825426186
Enviando sensores: 808793913
Enviando sensores: 221590577
Enviando sensores: 825426186
Enviando sensores: 876099129
Enviando sensores: 221851702
Enviando sensores: 825426186
Enviando sensores: 876099129
Enviando sensores: 221851702
Enviando sensores: 825426186
Enviando sensores: 876099129
Enviando sensores: 221851702
Enviando sensores: 825426186
Enviando sensores: 876099129
Enviando sensores: 221851702
Enviando sensores: 825426186
Enviando sensores: 876099129
Enviando sensores: 221851702
Enviando sensores: 825426186
Enviando sensores: 876099129
Enviando sensores: 221851702
Enviando sensores: 825426186
Enviando sensores: 876099129
Enviando sensores: 221851702
Enviando sensores: 825426186
Enviando sensores: 876099129
Enviando sensores: 221851702
Enviando sensores: 825426186
Enviando sensores: 876099129
Enviando sensores: 221851702
Enviando sensores: 825426186
Enviando sensores: 876099129
Enviando sensores: 221851702
Enviando sensores: 825426186
Enviando sensores: 876099129
Enviando sensores: 221851702
Enviando sensores: 825426186
Enviando sensores: 876099129
Enviando sensores: 221851702
Enviando sensores: 825426186
Enviando sensores: 876099129
Enviando sensores: 221851702
Enviando sensores: 825426186
Enviando sensores: 876099129
Enviando sensores: 221851702
Enviando sensores: 825426186
Enviando sensores: 876099129
Enviando sensores: 221851702
Enviando sensores: 825426186
Enviando sensores: 876099129
Enviando sensores: 221851702
Enviando sensores: 825426186
Enviando sensores: 876099129
Enviando sensores: 221851702
Enviando sensores: 825426186
Enviando sensores: 876099129
Enviando sensores: 221851702
Enviando sensores: 825426186
Enviando sensores: 876099129
Enviando sensores: 221851702
Enviando sensores: 825426186
Enviando sensores: 876099129
Enviando sensores: 221851702
Enviando sensores: 825426186
Enviando sensores: 876099129
Enviando sensores: 221851702
Enviando sensores: 825426186
Enviando sensores: 876099129
Enviando sensores: 221851702
Enviando sensores: 825426186
Enviando sensores: 876099129
Enviando sensores: 221851702
Enviando sensores: 825426186
Enviando sensores: 876099129
Enviando sensores: 221851702
Enviando sensores: 825426186
Enviando sensores: 876099129
Enviando sensores: 221851702
Enviando sensores: 825426186
Enviando sensores: 876099129
Enviando sensores: 221851702
Enviando sensores: 825426186
Enviando sensores: 876099129
Enviando sensores: 221851702
Enviando sensores: 825426186
Enviando sensores: 876099129
Enviando sensores: 221851702
Enviando sensores: 825426186
Enviando sensores: 876099129
Enviando sensores: 221851702
Enviando sensores: 825426186
Enviando sensores: 876099129
Enviando sensores: 221851702
Enviando sensores: 825426186
Enviando sensores: 876099129
Enviando sensores: 221851702
Enviando sensores: 825426186
Enviando sensores: 876099129
Enviando sensores: 221851702
Enviando sensores: 825426186
Enviando sensores: 876099129
Enviando sensores: 221851702
Enviando sensores: 825426186
Enviando sensores: 876099129
Enviando sensores: 221851702
Enviando sensores: 825426186
Enviando sensores: 876099129
Enviando sensores: 221851702
Enviando sensores: 825426186
Enviando sensores: 876099129
Enviando sensores: 221851702
Enviando sensores: 825426186
Enviando sensores: 876099129
Enviando sensores: 221851702
Enviando sensores: 825426186
Enviando sensores: 876099129
Enviando sensores: 221851702
Enviando sensores: 825426186
Enviando sensores: 876099129
Enviando sensores: 221851702
Enviando sensores: 825426186
Enviando sensores: 876099129
Enviando sensores: 221851702
Enviando sensores: 825426186
Enviando sensores: 876099129
Enviando sensores: 221851702
Enviando sensores: 825426186
Enviando sensores: 876099129
Enviando sensores: 221851702
Enviando sensores: 825426186
Enviando sensores: 876099129
Enviando sensores: 221851702
Enviando sensores: 825426186
Enviando sensores: 876099129
Enviando sensores: 221851702
Enviando sensores: 825426186
Enviando sensores: 876099129
Enviando sensores: 221851702
Enviando sensores: 825426186
Enviando sensores: 876099129
Enviando sensores: 221851702
Enviando sensores: 825426186
Enviando sensores: 876099129
Enviando sensores: 221851702
Enviando sensores: 825426186
Enviando sensores: 876099129
Enviando sensores: 221851702
Enviando sensores: 825426186
Enviando sensores: 876099129
Enviando sensores: 221851702
Enviando sensores: 825426186
Enviando sensores: 876099129
Enviando sensores: 221851702
Enviando sensores: 825426186
Enviando sensores: 876099129
Enviando sensores: 221851702
Enviando sensores: 825426186
Enviando sensores: 876099129
Enviando sensores: 221851702
Enviando sensores: 825426186
Enviando sensores: 876099129
Enviando sensores: 221851702
Enviando sensores: 825426186
Enviando sensores: 876099129
Enviando sensores: 221851702
Enviando sensores: 825426186
Enviando sensores: 876099129
Enviando sensores: 221851702
Enviando sensores: 825426186
Enviando sensores: 876099129
Enviando sensores: 221851702
Enviando sensores: 825426186
Enviando sensores: 876099129
Enviando sensores: 221851702
Enviando sensores: 825426186
Enviando sensores: 876099129
Enviando sensores: 221851702
Enviando sensores: 825426186
Enviando sensores: 876099129
Enviando sensores: 221851702
Enviando sensores: 825426186
Enviando sensores: 876099129
Enviando sensores: 221851702
Enviando sensores: 825426186
Enviando sensores: 876099129
Enviando sensores: 221851702
Enviando sensores: 825426186
Enviando sensores: 876099129
Enviando sensores: 221851702
Enviando sensores: 825426186
Enviando sensores: 876099129
Enviando sensores: 221851702
Enviando sensores: 825426186
Enviando sensores: 876099129
Enviando sensores: 221851702
Enviando sensores: 825426186
Enviando sensores: 876099129
Enviando sensores: 221851702
Enviando sensores: 825426186
Enviando sensores: 876099129
Enviando sensores: 221851702
Enviando sensores: 825426186
Enviando sensores: 876099129
Enviando sensores: 221851702
Enviando sensores: 825426186
Enviando sensores: 876099129
Enviando sensores: 221851702
Enviando sensores: 825426186
Enviando sensores: 876099129
Enviando sensores: 221851702
Enviando sensores: 825426186
Enviando sensores: 876099129
Enviando sensores: 221851702
Enviando sensores: 825426186
Enviando sensores: 876099129
Enviando sensores: 221851702
Enviando sensores: 825426186
Enviando sensores: 876099129
Enviando sensores: 221851702
Enviando sensores: 825426186
Enviando sensores: 876099129
Enviando sensores: 221851702
Enviando sensores: 825426186
Enviando sensores: 876099129
Enviando sensores: 221851702
Enviando sensores: 825426186
Enviando sensores: 876099129
Enviando sensores: 221851702
Enviando sensores: 825426186
Enviando sensores: 876099129
Enviando sensores: 221851702
Enviando sensores: 825426186
Enviando sensores: 876099129
Enviando sensores: 221851702
Enviando sensores: 825426186
Enviando sensores: 876099129
Enviando sensores: 221851702
Enviando sensores: 825426186
Enviando sensores: 876099129
Enviando sensores: 221851702
Enviando sensores: 825426186
Enviando sensores: 876099129
Enviando sensores: 221851702
Enviando sensores: 825426186
Enviando sensores: 876099129
Enviando sensores: 221851702
Enviando sensores: 825426186
Enviando sensores: 876099129
Enviando sensores: 221851702
Enviando sensores: 825426186
Enviando sensores: 876099129
Enviando sensores: 221851702
Enviando sensores: 825426186
Enviando sensores: 876099129
Enviando sensores: 221851702
Enviando sensores: 825426186
Enviando sensores: 876099129
Enviando sensores: 221851702
Enviando sensores: 825426186
Enviando sensores: 876099129
Enviando sensores: 221851702
Enviando sensores: 825426186
Enviando sensores: 876099129
Enviando sensores: 221851702
Enviando sensores: 825426186
Enviando sensores: 876099129
Enviando sensores: 221851702
Enviando sensores: 825426186
Enviando sensores: 876099129
Enviando sensores: 221851702
Enviando sensores: 825426186
Enviando sensores: 876099129
Enviando sensores: 221851702
Enviando sensores: 825426186
Enviando sensores: 876099129
Enviando sensores: 221851702
Enviando sensores: 825426186
Enviando sensores: 876099129
Enviando sensores: 221851702
Enviando sensores: 825426186
Enviando sensores: 876099129
Enviando sensores: 221851702
Enviando sensores: 825426186
Enviando sensores: 876099129
Enviando sensores: 221851702
Enviando sensores: 825426186
Enviando sensores: 876099129
Enviando sensores: 221851702
Enviando sensores: 825426186
Enviando sensores: 876099129
Enviando sensores: 221851702
Enviando sensores: 825426186
Enviando sensores: 876099129
Enviando sensores: 221851702
Enviando sensores: 825426186
Enviando sensores: 876099129
Enviando sensores: 221851702
Enviando sensores: 825426186
Enviando sensores: 876099129
Enviando sensores: 221851702
Enviando sensores: 825426186
Enviando sensores: 876099129
Enviando sensores: 221851702
Enviando sensores: 825426186
Enviando sensores: 876099129
Enviando sensores: 221851702
Enviando sensores: 825426186
Enviando sensores: 876099129
Enviando sensores: 221851702
Enviando sensores: 825426186
Enviando sensores: 876099129
Enviando sensores: 221851702
Enviando sensores: 825426186
Enviando sensores: 876099129
Enviando sensores: 221851702
Enviando sensores: 825426186
Enviando sensores: 876099129
Enviando sensores: 221851702
Enviando sensores: 825426186
Enviando sensores: 959526457
Enviando sensores: 221460272
Enviando sensores: 825426186
Enviando sensores: 876099129
Enviando sensores: 221851702
Enviando sensores: 825426186
Enviando sensores: 959526457
Enviando sensores: 221460272
Enviando sensores: 825426186
Enviando sensores: 876099129
Enviando sensores: 221851702
Enviando sensores: 825426186
Enviando sensores: 959526457
Enviando sensores: 221460272
Enviando sensores: 825426186
Enviando sensores: 876099129
Enviando sensores: 221851702
Enviando sensores: 825426186
Problemas em conectar com a porta
Problemas em conectar com a porta
Problemas em conectar com a porta
Problemas em conectar com a porta
Problemas em conectar com a porta
Problemas em conectar com a porta
Problemas em conectar com a porta
Problemas em conectar com a porta
Problemas em conectar com a porta
Problemas em conectar com a porta
Problemas em conectar com a porta
Problemas em conectar com a porta
Problemas em conectar com a porta
Problemas em conectar com a porta
Problemas em conectar com a porta
Problemas em conectar com a porta
Problemas em conectar com a porta
Problemas em conectar com a porta
Problemas em conectar com a porta
Problemas em conectar com a porta
Problemas em conectar com a porta
Problemas em conectar com a porta
Problemas em conectar com a porta
Problemas em conectar com a porta
Problemas em conectar com a porta
Problemas em conectar com a porta
Problemas em conectar com a porta
Problemas em conectar com a porta
Problemas em conectar com a porta
Problemas em conectar com a porta
Problemas em conectar com a porta
Problemas em conectar com a porta
Problemas em conectar com a porta
Problemas em conectar com a porta
Problemas em conectar com a porta
Problemas em conectar com a porta
Problemas em conectar com a porta
Problemas em conectar com a porta
Problemas em conectar com a porta
Problemas em conectar com a porta
Problemas em conectar com a porta
Problemas em conectar com a porta
Problemas em conectar com a porta
Problemas em conectar com a porta
Problemas em conectar com a porta
Problemas em conectar com a porta
Problemas em conectar com a porta
Problemas em conectar com a porta
Problemas em conectar com a porta
Problemas em conectar com a porta
Problemas em conectar com a porta
Problemas em conectar com a porta
Problemas em conectar com a porta
Problemas em conectar com a porta
Problemas em conectar com a porta
Problemas em conectar com a porta
Problemas em conectar com a porta
Problemas em conectar com a porta
Problemas em conectar com a porta
Problemas em conectar com a porta
Problemas em conectar com a porta
Problemas em conectar com a porta
Problemas em conectar com a porta
Problemas em conectar com a porta
Problemas em conectar com a porta
Problemas em conectar com a porta
Problemas em conectar com a porta
Problemas em conectar com a porta
Problemas em conectar com a porta
Problemas em conectar com a porta
Problemas em conectar com a porta
Problemas em conectar com a porta
Problemas em conectar com a porta
Problemas em conectar com a porta
Problemas em conectar com a porta
Problemas em conectar com a porta
Problemas em conectar com a porta
Problemas em conectar com a porta
Problemas em conectar com a porta
Problemas em conectar com a porta
Problemas em conectar com a porta
Problemas em conectar com a porta
Problemas em conectar com a porta
Problemas em conectar com a porta
Problemas em conectar com a porta
Problemas em conectar com a porta
Problemas em conectar com a porta
Problemas em conectar com a porta
Problemas em conectar com a porta
Problemas em conectar com a porta
Problemas em conectar com a porta
Problemas em conectar com a porta
Problemas em conectar com a porta
Problemas em conectar com a porta
Problemas em conectar com a porta
Problemas em conectar com a porta
Problemas em conectar com a porta
Problemas em conectar com a porta
Problemas em conectar com a porta
Problemas em conectar com a porta
Problemas em conectar com a porta
Problemas em conectar com a porta
Problemas em conectar com a porta
Problemas em conectar com a porta
Problemas em conectar com a porta
Problemas em conectar com a porta
Problemas em conectar com a porta
Problemas em conectar com a porta
Problemas em conectar com a porta
Problemas em conectar com a porta
Problemas em conectar com a porta
Problemas em conectar com a porta
Problemas em conectar com a porta
Problemas em conectar com a porta
Problemas em conectar com a porta
Problemas em conectar com a porta
Problemas em conectar com a porta
Problemas em conectar com a porta
Problemas em conectar com a porta
Problemas em conectar com a porta
Problemas em conectar com a porta
Problemas em conectar com a porta
Problemas em conectar com a porta
Problemas em conectar com a porta
Problemas em conectar com a porta
Problemas em conectar com a porta
Problemas em conectar com a porta
Problemas em conectar com a porta
Problemas em conectar com a porta
Problemas em conectar com a porta
Problemas em conectar com a porta
Problemas em conectar com a porta
Problemas em conectar com a porta
Problemas em conectar com a porta
Problemas em conectar com a porta
Problemas em conectar com a porta
Problemas em conectar com a porta
Problemas em conectar com a porta
Problemas em conectar com a porta
Problemas em conectar com a porta
Problemas em conectar com a porta
Problemas em conectar com a porta
Problemas em conectar com a porta
Problemas em conectar com a porta
Problemas em conectar com a porta
Problemas em conectar com a porta
Problemas em conectar com a porta
Problemas em conectar com a porta
Problemas em conectar com a porta
Problemas em conectar com a porta
Problemas em conectar com a porta
Problemas em conectar com a porta
Problemas em conectar com a porta
Problemas em conectar com a porta
Problemas em conectar com a porta
Problemas em conectar com a porta
Problemas em conectar com a porta
Problemas em conectar com a porta
Problemas em conectar com a porta
Problemas em conectar com a porta
Problemas em conectar com a porta
Problemas em conectar com a porta
Problemas em conectar com a porta
Problemas em conectar com a porta
Problemas em conectar com a porta
Problemas em conectar com a porta
Problemas em conectar com a porta
Problemas em conectar com a porta
Problemas em conectar com a porta
Problemas em conectar com a porta
Problemas em conectar com a porta
Problemas em conectar com a porta
Problemas em conectar com a porta
Problemas em conectar com a porta
Problemas em conectar com a porta
Problemas em conectar com a porta
Problemas em conectar com a porta
Problemas em conectar com a porta
Problemas em conectar com a porta
Problemas em conectar com a porta
Problemas em conectar com a porta
Problemas em conectar com a porta
Problemas em conectar com a porta
Problemas em conectar com a porta
Problemas em conectar com a porta
Problemas em conectar com a porta
Problemas em conectar com a porta
Problemas em conectar com a porta
Problemas em conectar com a porta
Problemas em conectar com a porta
Problemas em conectar com a porta
Problemas em conectar com a porta
Problemas em conectar com a porta
Problemas em conectar com a porta
Problemas em conectar com a porta
Problemas em conectar com a porta
Problemas em conectar com a porta
Problemas em conectar com a porta
Problemas em conectar com a porta
Problemas em conectar com a porta
Problemas em conectar com a porta
Problemas em conectar com a porta
Problemas em conectar com a porta
Problemas em conectar com a porta
Problemas em conectar com a porta
Problemas em conectar com a porta
Problemas em conectar com a porta
Problemas em conectar com a porta
Problemas em conectar com a porta
Problemas em conectar com a porta
Problemas em conectar com a porta
Problemas em conectar com a porta
Problemas em conectar com a porta
Problemas em conectar com a porta
Problemas em conectar com a porta
Problemas em conectar com a porta
Problemas em conectar com a porta
Problemas em conectar com a porta
Problemas em conectar com a porta
Problemas em conectar com a porta
Problemas em conectar com a porta
Problemas em conectar com a porta
Problemas em conectar com a porta
Problemas em conectar com a porta
Problemas em conectar com a porta
Problemas em conectar com a porta
Problemas em conectar com a porta
Problemas em conectar com a porta
Problemas em conectar com a porta
Problemas em conectar com a porta
Problemas em conectar com a porta
Problemas em conectar com a porta
Problemas em conectar com a porta
Problemas em conectar com a porta
Problemas em conectar com a porta
Problemas em conectar com a porta
Problemas em conectar com a porta
Problemas em conectar com a porta
Problemas em conectar com a porta
Problemas em conectar com a porta
Problemas em conectar com a porta
Problemas em conectar com a porta
Problemas em conectar com a porta
Problemas em conectar com a porta
Problemas em conectar com a porta
Problemas em conectar com a porta
Problemas em conectar com a porta
Problemas em conectar com a porta
Problemas em conectar com a porta
Problemas em conectar com a porta
Problemas em conectar com a porta
Problemas em conectar com a porta
Problemas em conectar com a porta
Problemas em conectar com a porta
Problemas em conectar com a porta
Problemas em conectar com a porta
Problemas em conectar com a porta
Problemas em conectar com a porta
Problemas em conectar com a porta
Problemas em conectar com a porta
Problemas em conectar com a porta
Problemas em conectar com a porta
Problemas em conectar com a porta
Problemas em conectar com a porta
Problemas em conectar com a porta
Problemas em conectar com a porta
Problemas em conectar com a porta
Problemas em conectar com a porta
Problemas em conectar com a porta
Problemas em conectar com a porta
Problemas em conectar com a porta
Problemas em conectar com a porta
Problemas em conectar com a porta
Problemas em conectar com a porta
Problemas em conectar com a porta
Problemas em conectar com a porta
Problemas em conectar com a porta
Problemas em conectar com a porta
Problemas em conectar com a porta
Problemas em conectar com a porta
Problemas em conectar com a porta
Problemas em conectar com a porta
Problemas em conectar com a porta
Problemas em conectar com a porta
Problemas em conectar com a porta
Problemas em conectar com a porta
Problemas em conectar com a porta
Problemas em conectar com a porta
Problemas em conectar com a porta
Problemas em conectar com a porta
Problemas em conectar com a porta
Problemas em conectar com a porta
Problemas em conectar com a porta
Problemas em conectar com a porta
Problemas em conectar com a porta
Problemas em conectar com a porta
Problemas em conectar com a porta
Problemas em conectar com a porta
Problemas em conectar com a porta
Problemas em conectar com a porta
Problemas em conectar com a porta
Problemas em conectar com a porta
Problemas em conectar com a porta
Problemas em conectar com a porta
Problemas em conectar com a porta
Problemas em conectar com a porta
Problemas em conectar com a porta
Problemas em conectar com a porta
Problemas em conectar com a porta
Problemas em conectar com a porta
Problemas em conectar com a porta
Problemas em conectar com a porta
Problemas em conectar com a porta
Problemas em conectar com a porta
Problemas em conectar com a porta
Problemas em conectar com a porta
Problemas em conectar com a porta
Problemas em conectar com a porta
Problemas em conectar com a porta
Problemas em conectar com a porta
Problemas em conectar com a porta
Problemas em conectar com a porta
Problemas em conectar com a porta
Problemas em conectar com a porta
Problemas em conectar com a porta
Problemas em conectar com a porta
Problemas em conectar com a porta
Problemas em conectar com a porta
Problemas em conectar com a porta
Problemas em conectar com a porta
Problemas em conectar com a porta
Problemas em conectar com a porta
Problemas em conectar com a porta
Problemas em conectar com a porta
Problemas em conectar com a porta
Problemas em conectar com a porta
Problemas em conectar com a porta
Problemas em conectar com a porta
Problemas em conectar com a porta
Problemas em conectar com a porta
Problemas em conectar com a porta
Problemas em conectar com a porta
Problemas em conectar com a porta
Problemas em conectar com a porta
Problemas em conectar com a porta
Problemas em conectar com a porta
Problemas em conectar com a porta
Problemas em conectar com a porta
Problemas em conectar com a porta
Problemas em conectar com a porta
Problemas em conectar com a porta
Problemas em conectar com a porta
Problemas em conectar com a porta
Problemas em conectar com a porta
Problemas em conectar com a porta
Problemas em conectar com a porta
Problemas em conectar com a porta
Problemas em conectar com a porta
Problemas em conectar com a porta
Problemas em conectar com a porta
Problemas em conectar com a porta
Problemas em conectar com a porta
Problemas em conectar com a porta
Problemas em conectar com a porta
Problemas em conectar com a porta
Problemas em conectar com a porta
Problemas em conectar com a porta
Problemas em conectar com a porta
Problemas em conectar com a porta
Problemas em conectar com a porta
Problemas em conectar com a porta
Problemas em conectar com a porta
Problemas em conectar com a porta
Problemas em conectar com a porta
Problemas em conectar com a porta
Problemas em conectar com a porta
Problemas em conectar com a porta
Problemas em conectar com a porta
Problemas em conectar com a porta
Problemas em conectar com a porta
Problemas em conectar com a porta
Problemas em conectar com a porta
Problemas em conectar com a porta
Problemas em conectar com a porta
Problemas em conectar com a porta
Problemas em conectar com a porta
Problemas em conectar com a porta
Problemas em conectar com a porta
Problemas em conectar com a porta
Problemas em conectar com a porta
Problemas em conectar com a porta
Problemas em conectar com a porta
Problemas em conectar com a porta
Problemas em conectar com a porta
Problemas em conectar com a porta
Problemas em conectar com a porta
Problemas em conectar com a porta
Problemas em conectar com a porta
Problemas em conectar com a porta
Problemas em conectar com a porta
Problemas em conectar com a porta
Problemas em conectar com a porta
Problemas em conectar com a porta
Problemas em conectar com a porta
Problemas em conectar com a porta
Problemas em conectar com a porta
Problemas em conectar com a porta
Problemas em conectar com a porta
Problemas em conectar com a porta
Problemas em conectar com a porta
Problemas em conectar com a porta
Problemas em conectar com a porta
Problemas em conectar com a porta
Problemas em conectar com a porta
Problemas em conectar com a porta
Problemas em conectar com a porta
Problemas em conectar com a porta
Problemas em conectar com a porta
Problemas em conectar com a porta
Problemas em conectar com a porta
Problemas em conectar com a porta
Problemas em conectar com a porta
Problemas em conectar com a porta
Problemas em conectar com a porta
Problemas em conectar com a porta
Problemas em conectar com a porta
Problemas em conectar com a porta
Problemas em conectar com a porta
Problemas em conectar com a porta
Problemas em conectar com a porta
Problemas em conectar com a porta
Problemas em conectar com a porta
Problemas em conectar com a porta
Problemas em conectar com a porta
Problemas em conectar com a porta
Problemas em conectar com a porta
Problemas em conectar com a porta
Problemas em conectar com a porta
Problemas em conectar com a porta
Problemas em conectar com a porta
Problemas em conectar com a porta
Problemas em conectar com a porta
Problemas em conectar com a porta
Problemas em conectar com a porta
Problemas em conectar com a porta
Problemas em conectar com a porta
Problemas em conectar com a porta
Problemas em conectar com a porta
Problemas em conectar com a porta
Problemas em conectar com a porta
Problemas em conectar com a porta
Problemas em conectar com a porta
Problemas em conectar com a porta
Problemas em conectar com a porta
Problemas em conectar com a porta
Problemas em conectar com a porta
Problemas em conectar com a porta
Problemas em conectar com a porta
Problemas em conectar com a porta
Problemas em conectar com a porta
Problemas em conectar com a porta
Problemas em conectar com a porta
Problemas em conectar com a porta
Problemas em conectar com a porta
Problemas em conectar com a porta
Problemas em conectar com a porta
Problemas em conectar com a porta
Problemas em conectar com a porta
Problemas em conectar com a porta
Problemas em conectar com a porta
Problemas em conectar com a porta
Problemas em conectar com a porta
Problemas em conectar com a porta
Problemas em conectar com a porta
Problemas em conectar com a porta
Problemas em conectar com a porta
Problemas em conectar com a porta
Problemas em conectar com a porta
Problemas em conectar com a porta
Problemas em conectar com a porta
Problemas em conectar com a porta
Problemas em conectar com a porta
Problemas em conectar com a porta
Problemas em conectar com a porta
Problemas em conectar com a porta
Problemas em conectar com a porta
Problemas em conectar com a porta
Problemas em conectar com a porta
Problemas em conectar com a porta
Problemas em conectar com a porta
Problemas em conectar com a porta
Problemas em conectar com a porta
Problemas em conectar com a porta
Problemas em conectar com a porta
Problemas em conectar com a porta
Problemas em conectar com a porta
Problemas em conectar com a porta
Problemas em conectar com a porta
Problemas em conectar com a porta
Problemas em conectar com a porta
Problemas em conectar com a porta
Problemas em conectar com a porta
Problemas em conectar com a porta
Problemas em conectar com a porta
Problemas em conectar com a porta
Problemas em conectar com a porta
Problemas em conectar com a porta
Problemas em conectar com a porta
Problemas em conectar com a porta
Problemas em conectar com a porta
Problemas em conectar com a porta
Problemas em conectar com a porta
Problemas em conectar com a porta
Problemas em conectar com a porta
Problemas em conectar com a porta
Problemas em conectar com a porta
Problemas em conectar com a porta
Problemas em conectar com a porta
Problemas em conectar com a porta
Problemas em conectar com a porta
Problemas em conectar com a porta
Problemas em conectar com a porta
Problemas em conectar com a porta
Problemas em conectar com a porta
Problemas em conectar com a porta
Problemas em conectar com a porta
Problemas em conectar com a porta
Problemas em conectar com a porta
Problemas em conectar com a porta
Problemas em conectar com a porta
Problemas em conectar com a porta
Problemas em conectar com a porta
Problemas em conectar com a porta
Problemas em conectar com a porta
Problemas em conectar com a porta
Problemas em conectar com a porta
Problemas em conectar com a porta
Problemas em conectar com a porta
Problemas em conectar com a porta
Problemas em conectar com a porta
Problemas em conectar com a porta
Problemas em conectar com a porta
Problemas em conectar com a porta
Problemas em conectar com a porta
Problemas em conectar com a porta
Problemas em conectar com a porta
Problemas em conectar com a porta
Problemas em conectar com a porta
Problemas em conectar com a porta
Problemas em conectar com a porta
Problemas em conectar com a porta
Problemas em conectar com a porta
Problemas em conectar com a porta
Problemas em conectar com a porta
Problemas em conectar com a porta
Problemas em conectar com a porta
Problemas em conectar com a porta
Problemas em conectar com a porta
Problemas em conectar com a porta
Problemas em conectar com a porta
Problemas em conectar com a porta
Problemas em conectar com a porta
Problemas em conectar com a porta
Problemas em conectar com a porta
Problemas em conectar com a porta
Problemas em conectar com a porta
Problemas em conectar com a porta
Problemas em conectar com a porta
Problemas em conectar com a porta
Problemas em conectar com a porta
Problemas em conectar com a porta
Problemas em conectar com a porta
Problemas em conectar com a porta
Problemas em conectar com a porta
Problemas em conectar com a porta
Problemas em conectar com a porta
Problemas em conectar com a porta
Problemas em conectar com a porta
Problemas em conectar com a porta
Problemas em conectar com a porta
Problemas em conectar com a porta
Problemas em conectar com a porta
Problemas em conectar com a porta
Problemas em conectar com a porta
Problemas em conectar com a porta
Problemas em conectar com a porta
Problemas em conectar com a porta
Problemas em conectar com a porta
Problemas em conectar com a porta
Problemas em conectar com a porta
Problemas em conectar com a porta
Problemas em conectar com a porta
Problemas em conectar com a porta
Problemas em conectar com a porta
Problemas em conectar com a porta
Problemas em conectar com a porta
Problemas em conectar com a porta
Problemas em conectar com a porta
Problemas em conectar com a porta
Problemas em conectar com a porta
Problemas em conectar com a porta
Problemas em conectar com a porta
Problemas em conectar com a porta
Problemas em conectar com a porta
Problemas em conectar com a porta
Problemas em conectar com a porta
Problemas em conectar com a porta
Problemas em conectar com a porta
Problemas em conectar com a porta
Problemas em conectar com a porta
Problemas em conectar com a porta
Problemas em conectar com a porta
Problemas em conectar com a porta
Problemas em conectar com a porta
Problemas em conectar com a porta
Problemas em conectar com a porta
Problemas em conectar com a porta
Problemas em conectar com a porta
Problemas em conectar com a porta
Problemas em conectar com a porta
Problemas em conectar com a porta
Problemas em conectar com a porta
Problemas em conectar com a porta
Problemas em conectar com a porta
Problemas em conectar com a porta
Problemas em conectar com a porta
Problemas em conectar com a porta
Problemas em conectar com a porta
Problemas em conectar com a porta
Problemas em conectar com a porta
Problemas em conectar com a porta
Problemas em conectar com a porta
Problemas em conectar com a porta
Problemas em conectar com a porta
Problemas em conectar com a porta
Problemas em conectar com a porta
Problemas em conectar com a porta
Problemas em conectar com a porta
Problemas em conectar com a porta
Problemas em conectar com a porta
Problemas em conectar com a porta
Problemas em conectar com a porta
Problemas em conectar com a porta
Problemas em conectar com a porta
Problemas em conectar com a porta
Problemas em conectar com a porta
Problemas em conectar com a porta
Problemas em conectar com a porta
Problemas em conectar com a porta
Problemas em conectar com a porta
Problemas em conectar com a porta
Problemas em conectar com a porta
Problemas em conectar com a porta
Problemas em conectar com a porta
Problemas em conectar com a porta
Problemas em conectar com a porta
Problemas em conectar com a porta
Problemas em conectar com a porta
Problemas em conectar com a porta
Problemas em conectar com a porta
Problemas em conectar com a porta
Problemas em conectar com a porta
Problemas em conectar com a porta
Problemas em conectar com a porta
Problemas em conectar com a porta
Problemas em conectar com a porta
Problemas em conectar com a porta
Problemas em conectar com a porta
Problemas em conectar com a porta
Problemas em conectar com a porta
Problemas em conectar com a porta
Problemas em conectar com a porta
Problemas em conectar com a porta
Problemas em conectar com a porta
Problemas em conectar com a porta
Problemas em conectar com a porta
Problemas em conectar com a porta
Problemas em conectar com a porta
Problemas em conectar com a porta
Problemas em conectar com a porta
Problemas em conectar com a porta
Problemas em conectar com a porta
Problemas em conectar com a porta
Problemas em conectar com a porta
Problemas em conectar com a porta
Problemas em conectar com a porta
Problemas em conectar com a porta
Problemas em conectar com a porta
Problemas em conectar com a porta
Problemas em conectar com a porta
Problemas em conectar com a porta
Problemas em conectar com a porta
Problemas em conectar com a porta
Problemas em conectar com a porta
Problemas em conectar com a porta
Problemas em conectar com a porta
Problemas em conectar com a porta
Problemas em conectar com a porta
Problemas em conectar com a porta
Problemas em conectar com a porta
Problemas em conectar com a porta
Problemas em conectar com a porta
Problemas em conectar com a porta
Problemas em conectar com a porta
Problemas em conectar com a porta
Problemas em conectar com a porta
Problemas em conectar com a porta
Problemas em conectar com a porta
Problemas em conectar com a porta
Problemas em conectar com a porta
Problemas em conectar com a porta
Problemas em conectar com a porta
Problemas em conectar com a porta
Problemas em conectar com a porta
Problemas em conectar com a porta
Problemas em conectar com a porta
Problemas em conectar com a porta
Problemas em conectar com a porta
Problemas em conectar com a porta
Problemas em conectar com a porta
Problemas em conectar com a porta
Problemas em conectar com a porta
Problemas em conectar com a porta
Problemas em conectar com a porta
Problemas em conectar com a porta
Problemas em conectar com a porta
Problemas em conectar com a porta
Problemas em conectar com a porta
Problemas em conectar com a porta
Problemas em conectar com a porta
Problemas em conectar com a porta
Daemon de sensoriamento finalizado!
Arquivo de log iniciado!
Pipe sendo criando...
Enviando sensores: 892482306
Enviando sensores: 909130037
Enviando sensores: 855771661
Enviando sensores: 892416050
Enviando sensores: 909130037
Enviando sensores: 855771661
Enviando sensores: 892416050
Enviando sensores: 909130037
Enviando sensores: 855771661
Enviando sensores: 892416050
Enviando sensores: 909130037
Enviando sensores: 855771661
Enviando sensores: 892416050
Enviando sensores: 909130037
Enviando sensores: 855771661
Enviando sensores: 892416050
Enviando sensores: 909130037
Enviando sensores: 855771661
Enviando sensores: 892416050
Enviando sensores: 909130037
Enviando sensores: 855771661
Enviando sensores: 892416050
Enviando sensores: 909130037
Enviando sensores: 855771661
Enviando sensores: 892416050
Enviando sensores: 909130037
Enviando sensores: 855771661
Enviando sensores: 892416050
Enviando sensores: 909130037
Enviando sensores: 855771661
Enviando sensores: 892416050
Enviando sensores: 909130037
Enviando sensores: 855771661
Enviando sensores: 892416050
Enviando sensores: 909130037
Enviando sensores: 855771661
Enviando sensores: 892416050
Enviando sensores: 909130037
Enviando sensores: 855771661
Enviando sensores: 892416050
Enviando sensores: 909130037
Enviando sensores: 855771661
Enviando sensores: 959459378
Enviando sensores: 808923952
Enviando sensores: 855771661
Enviando sensores: 959459378
Enviando sensores: 808923952
Enviando sensores: 855771661
Enviando sensores: 959459378
Enviando sensores: 808923952
Enviando sensores: 855771661
Enviando sensores: 842018866
Enviando sensores: 875771956
Enviando sensores: 855771661
Enviando sensores: 842018866
Enviando sensores: 875771956
Enviando sensores: 855771661
Enviando sensores: 892942641
Enviando sensores: 943272505
Enviando sensores: 855771661
Enviando sensores: 959985969
Enviando sensores: 842413875
Enviando sensores: 855771661
Enviando sensores: 959985969
Enviando sensores: 842413875
Enviando sensores: 855771661
Enviando sensores: 959985969
Enviando sensores: 842413875
Enviando sensores: 855771661
Enviando sensores: 959985969
Enviando sensores: 842413875
Enviando sensores: 855771661
Enviando sensores: 959985969
Enviando sensores: 842413875
Enviando sensores: 855771661
Enviando sensores: 959985969
Enviando sensores: 842413875
Enviando sensores: 855771661
Enviando sensores: 959985969
Enviando sensores: 842413875
Enviando sensores: 855771661
Enviando sensores: 959985969
Enviando sensores: 842413875
Enviando sensores: 855771661
Enviando sensores: 959985969
Enviando sensores: 842413875
Enviando sensores: 855771661
Enviando sensores: 959985969
Enviando sensores: 842413875
Enviando sensores: 855771661
Enviando sensores: 959985969
Enviando sensores: 842413875
Enviando sensores: 855771661
Enviando sensores: 959985969
Enviando sensores: 842413875
Enviando sensores: 855771661
Enviando sensores: 959985969
Enviando sensores: 842413875
Enviando sensores: 855771661
Enviando sensores: 959985969
Enviando sensores: 842413875
Enviando sensores: 855771661
Enviando sensores: 959985969
Enviando sensores: 842413875
Enviando sensores: 855771661
Enviando sensores: 959985969
Enviando sensores: 842413875
Enviando sensores: 855771661
Enviando sensores: 842545457
Enviando sensores: 909259320
Enviando sensores: 855771661
Enviando sensores: 909588785
Enviando sensores: 809055794
Enviando sensores: 855771661
Enviando sensores: 909588785
Enviando sensores: 809055794
Enviando sensores: 855771661
Enviando sensores: 909588785
Enviando sensores: 809055794
Enviando sensores: 855771661
Enviando sensores: 909588785
Enviando sensores: 809055794
Enviando sensores: 855771661
Enviando sensores: 909588785
Enviando sensores: 809055794
Enviando sensores: 855771661
Enviando sensores: 909588785
Enviando sensores: 809055794
Enviando sensores: 855771661
Enviando sensores: 909588785
Enviando sensores: 809055794
Enviando sensores: 855771661
Enviando sensores: 842545457
Enviando sensores: 909259320
Enviando sensores: 855771661
Enviando sensores: 842545457
Enviando sensores: 909259320
Enviando sensores: 855771661
Enviando sensores: 842545457
Enviando sensores: 909259320
Enviando sensores: 855771661
Enviando sensores: 842545457
Enviando sensores: 909259320
Enviando sensores: 855771661
Enviando sensores: 842545457
Enviando sensores: 909259320
Enviando sensores: 855771661
Enviando sensores: 842545457
Enviando sensores: 909259320
Enviando sensores: 855771661
Enviando sensores: 842545457
Enviando sensores: 909259320
Enviando sensores: 855771661
Enviando sensores: 842545457
Enviando sensores: 909259320
Enviando sensores: 855771661
Enviando sensores: 842545457
Enviando sensores: 909259320
Enviando sensores: 855771661
Enviando sensores: 842545457
Enviando sensores: 909259320
Enviando sensores: 855771661
Enviando sensores: 842545457
Enviando sensores: 909259320
Enviando sensores: 855771661
Enviando sensores: 842545457
Enviando sensores: 909259320
Enviando sensores: 855771661
Enviando sensores: 842545457
Enviando sensores: 909259320
Enviando sensores: 855771661
Enviando sensores: 842545457
Enviando sensores: 909259320
Enviando sensores: 855771661
Enviando sensores: 842545457
Enviando sensores: 909259320
Enviando sensores: 855771661
Enviando sensores: 842545457
Enviando sensores: 909259320
Enviando sensores: 855771661
Enviando sensores: 842545457
Enviando sensores: 909259320
Enviando sensores: 855771661
Enviando sensores: 842545457
Enviando sensores: 909259320
Enviando sensores: 855771661
Enviando sensores: 842545457
Enviando sensores: 909259320
Enviando sensores: 855771661
Enviando sensores: 842545457
Enviando sensores: 909259320
Enviando sensores: 855771661
Enviando sensores: 842545457
Enviando sensores: 909259320
Enviando sensores: 855771661
Enviando sensores: 842545457
Enviando sensores: 909259320
Enviando sensores: 855771661
Enviando sensores: 959985969
Enviando sensores: 842413875
Enviando sensores: 855771661
Enviando sensores: 959985969
Enviando sensores: 842413875
Enviando sensores: 855771661
Enviando sensores: 959985969
Enviando sensores: 842413875
Enviando sensores: 855771661
Enviando sensores: 959985969
Enviando sensores: 842413875
Enviando sensores: 855771661
Enviando sensores: 959985969
Enviando sensores: 842413875
Enviando sensores: 855771661
Enviando sensores: 959985969
Enviando sensores: 842413875
Enviando sensores: 855771661
Enviando sensores: 959985969
Enviando sensores: 842413875
Enviando sensores: 855771661
Enviando sensores: 959985969
Enviando sensores: 842413875
Enviando sensores: 855771661
Enviando sensores: 959985969
Enviando sensores: 842413875
Enviando sensores: 855771661
Enviando sensores: 959985969
Enviando sensores: 842413875
Enviando sensores: 855771661
Enviando sensores: 959985969
Enviando sensores: 842413875
Enviando sensores: 855771661
Enviando sensores: 959985969
Enviando sensores: 842413875
Enviando sensores: 855771661
Enviando sensores: 959985969
Enviando sensores: 842413875
Enviando sensores: 855771661
Enviando sensores: 959985969
Enviando sensores: 842413875
Enviando sensores: 855771661
Enviando sensores: 959985969
Enviando sensores: 842413875
Enviando sensores: 855771661
Enviando sensores: 959985969
Enviando sensores: 842413875
Enviando sensores: 855771661
Enviando sensores: 959985969
Enviando sensores: 842413875
Enviando sensores: 855771661
Enviando sensores: 959985969
Enviando sensores: 842413875
Enviando sensores: 855771661
Enviando sensores: 959985969
Enviando sensores: 842413875
Enviando sensores: 855771661
Enviando sensores: 959985969
Enviando sensores: 842413875
Enviando sensores: 855771661
Enviando sensores: 959985969
Enviando sensores: 842413875
Enviando sensores: 855771661
Enviando sensores: 959985969
Enviando sensores: 842413875
Enviando sensores: 855771661
Enviando sensores: 959985969
Enviando sensores: 842413875
Enviando sensores: 855771661
Enviando sensores: 959985969
Enviando sensores: 842413875
Enviando sensores: 855771661
Enviando sensores: 959985969
Enviando sensores: 842413875
Enviando sensores: 855771661
Enviando sensores: 959985969
Enviando sensores: 842413875
Enviando sensores: 855771661
Enviando sensores: 959985969
Enviando sensores: 842413875
Enviando sensores: 855771661
Enviando sensores: 959985969
Enviando sensores: 842413875
Enviando sensores: 855771661
Enviando sensores: 959985969
Enviando sensores: 842413875
Enviando sensores: 855771661
Enviando sensores: 959985969
Enviando sensores: 842413875
Enviando sensores: 855771661
Enviando sensores: 959985969
Enviando sensores: 842413875
Enviando sensores: 855771661
Enviando sensores: 959985969
Enviando sensores: 842413875
Enviando sensores: 855771661
Enviando sensores: 959985969
Enviando sensores: 842413875
Enviando sensores: 855771661
Enviando sensores: 959985969
Enviando sensores: 842413875
Enviando sensores: 855771661
Enviando sensores: 959985969
Enviando sensores: 842413875
Enviando sensores: 855771661
Enviando sensores: 959985969
Enviando sensores: 842413875
Enviando sensores: 855771661
Enviando sensores: 959985969
Enviando sensores: 842413875
Enviando sensores: 855771661
Enviando sensores: 959985969
Enviando sensores: 842413875
Enviando sensores: 855771661
Enviando sensores: 959985969
Enviando sensores: 842413875
Enviando sensores: 855771661
Enviando sensores: 959985969
Enviando sensores: 842413875
Enviando sensores: 855771661
Enviando sensores: 959985969
Enviando sensores: 842413875
Enviando sensores: 855771661
Enviando sensores: 959985969
Enviando sensores: 842413875
Enviando sensores: 855771661
Enviando sensores: 959985969
Enviando sensores: 842413875
Enviando sensores: 855771661
Enviando sensores: 959985969
Enviando sensores: 842413875
Enviando sensores: 855771661
Enviando sensores: 959985969
Enviando sensores: 842413875
Enviando sensores: 855771661
Enviando sensores: 959985969
Enviando sensores: 842413875
Enviando sensores: 855771661
Enviando sensores: 842018866
Enviando sensores: 875771956
Enviando sensores: 855771661
Enviando sensores: 892942641
Enviando sensores: 943272505
Enviando sensores: 855771661
Enviando sensores: 892942641
Enviando sensores: 943272505
Enviando sensores: 855771661
Enviando sensores: 892942641
Enviando sensores: 943272505
Enviando sensores: 855771661
Enviando sensores: 892942641
Enviando sensores: 943272505
Enviando sensores: 855771661
Enviando sensores: 892942641
Enviando sensores: 943272505
Enviando sensores: 855771661
Enviando sensores: 892942641
Enviando sensores: 943272505
Enviando sensores: 855771661
Enviando sensores: 892942641
Enviando sensores: 943272505
Enviando sensores: 855771661
Enviando sensores: 892942641
Enviando sensores: 943272505
Enviando sensores: 855771661
Enviando sensores: 892942641
Enviando sensores: 943272505
Enviando sensores: 855771661
Enviando sensores: 892942641
Enviando sensores: 943272505
Enviando sensores: 855771661
Enviando sensores: 892942641
Enviando sensores: 943272505
Enviando sensores: 855771661
Enviando sensores: 892942641
Enviando sensores: 943272505
Enviando sensores: 855771661
Enviando sensores: 892942641
Enviando sensores: 943272505
Enviando sensores: 855771661
Enviando sensores: 892942641
Enviando sensores: 943272505
Enviando sensores: 855771661
Enviando sensores: 892942641
Enviando sensores: 943272505
Enviando sensores: 855771661
Enviando sensores: 892942641
Enviando sensores: 943272505
Enviando sensores: 855771661
Enviando sensores: 892942641
Enviando sensores: 943272505
Enviando sensores: 855771661
Enviando sensores: 892942641
Enviando sensores: 943272505
Enviando sensores: 855771661
Enviando sensores: 842018866
Enviando sensores: 875771956
Enviando sensores: 855771661
Enviando sensores: 842018866
Enviando sensores: 875771956
Enviando sensores: 855771661
Enviando sensores: 842018866
Enviando sensores: 875771956
Enviando sensores: 855771661
Enviando sensores: 842018866
Enviando sensores: 875771956
Enviando sensores: 855771661
Enviando sensores: 842018866
Enviando sensores: 875771956
Enviando sensores: 855771661
Enviando sensores: 842018866
Enviando sensores: 875771956
Enviando sensores: 855771661
Enviando sensores: 842018866
Enviando sensores: 875771956
Enviando sensores: 855771661
Enviando sensores: 842018866
Enviando sensores: 875771956
Enviando sensores: 855771661
Enviando sensores: 842018866
Enviando sensores: 875771956
Enviando sensores: 855771661
Enviando sensores: 842018866
Enviando sensores: 875771956
Enviando sensores: 855771661
Enviando sensores: 842018866
Enviando sensores: 875771956
Enviando sensores: 855771661
Enviando sensores: 842018866
Enviando sensores: 875771956
Enviando sensores: 855771661
Enviando sensores: 842018866
Enviando sensores: 875771956
Enviando sensores: 855771661
Enviando sensores: 842018866
Enviando sensores: 875771956
Enviando sensores: 855771661
Enviando sensores: 842018866
Enviando sensores: 875771956
Enviando sensores: 855771661
Enviando sensores: 842018866
Enviando sensores: 875771956
Enviando sensores: 855771661
Enviando sensores: 842018866
Enviando sensores: 875771956
Enviando sensores: 855771661
Enviando sensores: 842018866
Enviando sensores: 875771956
Enviando sensores: 855771661
Enviando sensores: 842018866
Enviando sensores: 875771956
Enviando sensores: 855771661
Enviando sensores: 842018866
Enviando sensores: 875771956
Enviando sensores: 855771661
Enviando sensores: 842018866
Enviando sensores: 875771956
Enviando sensores: 855771661
Enviando sensores: 842018866
Enviando sensores: 875771956
Enviando sensores: 855771661
Enviando sensores: 892942641
Enviando sensores: 943272505
Enviando sensores: 855771661
Enviando sensores: 892942641
Enviando sensores: 943272505
Enviando sensores: 855771661
Enviando sensores: 892942641
Enviando sensores: 943272505
Enviando sensores: 855771661
Enviando sensores: 892942641
Enviando sensores: 943272505
Enviando sensores: 855771661
Enviando sensores: 892942641
Enviando sensores: 943272505
Enviando sensores: 855771661
Enviando sensores: 892942641
Enviando sensores: 943272505
Enviando sensores: 855771661
Enviando sensores: 892942641
Enviando sensores: 943272505
Enviando sensores: 855771661
Enviando sensores: 892942641
Enviando sensores: 943272505
Enviando sensores: 855771661
Enviando sensores: 892942641
Enviando sensores: 943272505
Enviando sensores: 855771661
Enviando sensores: 892942641
Enviando sensores: 943272505
Enviando sensores: 855771661
Enviando sensores: 892942641
Enviando sensores: 943272505
Enviando sensores: 855771661
Enviando sensores: 892942641
Enviando sensores: 943272505
Enviando sensores: 855771661
Enviando sensores: 892942641
Enviando sensores: 943272505
Enviando sensores: 855771661
Enviando sensores: 892942641
Enviando sensores: 943272505
Enviando sensores: 855771661
Enviando sensores: 892942641
Enviando sensores: 943272505
Enviando sensores: 855771661
Enviando sensores: 892942641
Enviando sensores: 943272505
Enviando sensores: 855771661
Enviando sensores: 892942641
Enviando sensores: 943272505
Enviando sensores: 855771661
Enviando sensores: 892942641
Enviando sensores: 943272505
Enviando sensores: 855771661
Enviando sensores: 892942641
Enviando sensores: 943272505
Enviando sensores: 855771661
Enviando sensores: 892942641
Enviando sensores: 943272505
Enviando sensores: 855771661
Enviando sensores: 892942641
Enviando sensores: 943272505
Enviando sensores: 855771661
Enviando sensores: 892942641
Enviando sensores: 943272505
Enviando sensores: 855771661
Enviando sensores: 892942641
Enviando sensores: 943272505
Enviando sensores: 855771661
Enviando sensores: 892942641
Enviando sensores: 943272505
Enviando sensores: 855771661
Enviando sensores: 892942641
Enviando sensores: 943272505
Enviando sensores: 855771661
Enviando sensores: 892942641
Enviando sensores: 943272505
Enviando sensores: 855771661
Enviando sensores: 892942641
Enviando sensores: 943272505
Enviando sensores: 855771661
Enviando sensores: 892942641
Enviando sensores: 943272505
Enviando sensores: 855771661
Enviando sensores: 892942641
Enviando sensores: 943272505
Enviando sensores: 855771661
Enviando sensores: 959985969
Enviando sensores: 842413875
Enviando sensores: 855771661
Enviando sensores: 959985969
Enviando sensores: 842413875
Enviando sensores: 855771661
Enviando sensores: 959985969
Enviando sensores: 842413875
Enviando sensores: 855771661
Enviando sensores: 959985969
Enviando sensores: 842413875
Enviando sensores: 855771661
Enviando sensores: 959985969
Enviando sensores: 842413875
Enviando sensores: 855771661
Enviando sensores: 959985969
Enviando sensores: 842413875
Enviando sensores: 855771661
Enviando sensores: 892942641
Enviando sensores: 943272505
Enviando sensores: 855771661
Enviando sensores: 892942641
Enviando sensores: 943272505
Enviando sensores: 855771661
Enviando sensores: 959985969
Enviando sensores: 842413875
Enviando sensores: 855771661
Enviando sensores: 959985969
Enviando sensores: 842413875
Enviando sensores: 855771661
Enviando sensores: 892942641
Enviando sensores: 943272505
Enviando sensores: 855771661
Enviando sensores: 959985969
Enviando sensores: 842413875
Enviando sensores: 855771661
Enviando sensores: 959985969
Enviando sensores: 842413875
Enviando sensores: 855771661
Enviando sensores: 959985969
Enviando sensores: 842413875
Enviando sensores: 855771661
Enviando sensores: 959985969
Enviando sensores: 842413875
Enviando sensores: 855771661
Enviando sensores: 959985969
Enviando sensores: 842413875
Enviando sensores: 855771661
Enviando sensores: 959985969
Enviando sensores: 842413875
Enviando sensores: 855771661
Enviando sensores: 959985969
Enviando sensores: 842413875
Enviando sensores: 855771661
Enviando sensores: 959985969
Enviando sensores: 842413875
Enviando sensores: 855771661
Enviando sensores: 959985969
Enviando sensores: 842413875
Enviando sensores: 855771661
Enviando sensores: 959985969
Enviando sensores: 842413875
Enviando sensores: 855771661
Enviando sensores: 959985969
Enviando sensores: 842413875
Enviando sensores: 855771661
Enviando sensores: 959985969
Enviando sensores: 842413875
Enviando sensores: 855771661
Enviando sensores: 959985969
Enviando sensores: 842413875
Enviando sensores: 855771661
Enviando sensores: 959985969
Enviando sensores: 842413875
Enviando sensores: 855771661
Enviando sensores: 959985969
Enviando sensores: 842413875
Enviando sensores: 855771661
Enviando sensores: 959985969
Enviando sensores: 842413875
Enviando sensores: 855771661
Enviando sensores: 959985969
Enviando sensores: 842413875
Enviando sensores: 855771661
Enviando sensores: 959985969
Enviando sensores: 842413875
Enviando sensores: 855771661
Enviando sensores: 959985969
Enviando sensores: 842413875
Enviando sensores: 855771661
Enviando sensores: 959985969
Enviando sensores: 842413875
Enviando sensores: 855771661
Enviando sensores: 959985969
Enviando sensores: 842413875
Enviando sensores: 855771661
Enviando sensores: 959985969
Enviando sensores: 842413875
Enviando sensores: 855771661
Enviando sensores: 959985969
Enviando sensores: 842413875
Enviando sensores: 855771661
Enviando sensores: 959985969
Enviando sensores: 842413875
Enviando sensores: 855771661
Enviando sensores: 959985969
Enviando sensores: 842413875
Enviando sensores: 855771661
Enviando sensores: 959985969
Enviando sensores: 842413875
Enviando sensores: 855771661
Enviando sensores: 959985969
Enviando sensores: 842413875
Enviando sensores: 855771661
Enviando sensores: 959985969
Enviando sensores: 842413875
Enviando sensores: 855771661
Enviando sensores: 959985969
Enviando sensores: 842413875
Enviando sensores: 855771661
Enviando sensores: 959985969
Enviando sensores: 842413875
Enviando sensores: 855771661
Enviando sensores: 959985969
Enviando sensores: 842413875
Enviando sensores: 855771661
Enviando sensores: 959985969
Enviando sensores: 842413875
Enviando sensores: 855771661
Enviando sensores: 959985969
Enviando sensores: 842413875
Enviando sensores: 855771661
Enviando sensores: 959985969
Enviando sensores: 842413875
Enviando sensores: 855771661
Daemon de sensoriamento finalizado!
Arquivo de log iniciado!
Pipe sendo criando...
Enviando sensores: 321204574
Enviando sensores: 321204574
Enviando sensores: 321204574
Enviando sensores: 321204574
Enviando sensores: 321204574
Enviando sensores: 321204574
Enviando sensores: 321204574
Enviando sensores: 321270110
Enviando sensores: 321270110
Enviando sensores: 321204574
Enviando sensores: 321204574
Enviando sensores: 321204574
Enviando sensores: 321270110
Enviando sensores: 321270110
Enviando sensores: 321204574
Enviando sensores: 321204574
Enviando sensores: 321204574
Enviando sensores: 321270110
Enviando sensores: 321270110
Enviando sensores: 321270110
Enviando sensores: 321204574
Enviando sensores: 321204574
Enviando sensores: 321204574
Enviando sensores: 321204574
Enviando sensores: 321270110
Enviando sensores: 321270110
Enviando sensores: 321270110
Enviando sensores: 321204574
Enviando sensores: 321204574
Enviando sensores: 321204574
Enviando sensores: 321204574
Enviando sensores: 321270110
Enviando sensores: 321270110
Enviando sensores: 321270110
Enviando sensores: 321204574
Enviando sensores: 321204574
Enviando sensores: 321204574
Enviando sensores: 321204574
Enviando sensores: 321204574
Enviando sensores: 321270110
Enviando sensores: 321270110
Enviando sensores: 321270110
Enviando sensores: 321204574
Enviando sensores: 321204574
Enviando sensores: 321204574
Daemon de sensoriamento finalizado!
Arquivo de log iniciado!
Pipe sendo criando...
Enviando sensores: -1
Enviando sensores: -1
Enviando sensores: -1
Enviando sensores: -1
Enviando sensores: -1
Enviando sensores: -1
Enviando sensores: 321270110
Enviando sensores: 321270110
Enviando sensores: 321204574
Enviando sensores: 321204574
Enviando sensores: 321270110
Enviando sensores: 321270110
Enviando sensores: 321204574
Enviando sensores: 321204574
Enviando sensores: 321204574
Enviando sensores: 321270110
Enviando sensores: 321270110
Enviando sensores: 321204574
Enviando sensores: 321204574
Enviando sensores: 321204574
Enviando sensores: 321270110
Enviando sensores: 321204574
Enviando sensores: 321204574
Enviando sensores: 321204574
Enviando sensores: 321270110
Enviando sensores: 321270110
Enviando sensores: 321204574
Enviando sensores: 321204574
Enviando sensores: 321270110
Enviando sensores: 321270110
Enviando sensores: 321270110
Enviando sensores: 321204574
Enviando sensores: 321204574
Enviando sensores: 321270110
Enviando sensores: 321270110
Enviando sensores: 321204574
Enviando sensores: 321204574
Enviando sensores: 321204574
Enviando sensores: 321270110
Enviando sensores: 321270110
Enviando sensores: 321204574
Enviando sensores: 321204574
Enviando sensores: 321204574
Enviando sensores: 321270110
Enviando sensores: 321270110
Enviando sensores: 321204574
Enviando sensores: 321204574
Enviando sensores: 321270110
Enviando sensores: 321270110
Enviando sensores: 321204574
Enviando sensores: 321204574
Enviando sensores: 321204574
Enviando sensores: 321270110
Enviando sensores: 321270110
Enviando sensores: 321204574
Enviando sensores: 321204574
Enviando sensores: 321204574
Enviando sensores: 321270110
Enviando sensores: 321270110
Enviando sensores: 321204574
Enviando sensores: 321204574
Enviando sensores: 321270110
Enviando sensores: 321270110
Enviando sensores: 321204574
Enviando sensores: 321204574
Enviando sensores: 321204574
Enviando sensores: 321270110
Enviando sensores: 321270110
Enviando sensores: 321204574
Enviando sensores: 321204574
Enviando sensores: 321204574
Enviando sensores: 321270110
Enviando sensores: 321270110
Enviando sensores: 321204574
Enviando sensores: 321204574
Enviando sensores: 321204574
Enviando sensores: 321270110
Enviando sensores: 321270110
Enviando sensores: 321204574
Enviando sensores: 321204574
Enviando sensores: 321270110
Enviando sensores: 321270110
Enviando sensores: 321270110
Enviando sensores: 321204574
Enviando sensores: 321204574
Enviando sensores: 321270110
Enviando sensores: 321269598
Enviando sensores: 321268062
Enviando sensores: 321202270
Enviando sensores: 321202270
Enviando sensores: 321267806
Enviando sensores: 321267806
Enviando sensores: 321202270
Enviando sensores: 321202270
Enviando sensores: 321202270
Enviando sensores: 321267806
Enviando sensores: 321267806
Enviando sensores: 321202270
Enviando sensores: 321202270
Enviando sensores: 321267806
Enviando sensores: 321267806
Enviando sensores: 321267825
Enviando sensores: 321202349
Enviando sensores: 321202413
Enviando sensores: 321267959
Enviando sensores: 321267960
Enviando sensores: 321267959
Enviando sensores: 321202423
Enviando sensores: 321202423
Enviando sensores: 321267959
Enviando sensores: 321267959
Enviando sensores: 321267959
Enviando sensores: 321202423
Enviando sensores: 323234039
Enviando sensores: 323299575
Enviando sensores: 323430647
Enviando sensores: 323365111
Enviando sensores: 323299575
Enviando sensores: 323299575
Enviando sensores: 323299575
Enviando sensores: 323299575
Enviando sensores: 323299575
Enviando sensores: 323365111
Enviando sensores: 323627256
Enviando sensores: 323889399
Enviando sensores: 323823863
Enviando sensores: 323496183
Enviando sensores: 321267960
Enviando sensores: 321267959
Enviando sensores: 321267959
Enviando sensores: 321202423
Enviando sensores: 321202423
Enviando sensores: 321267959
Enviando sensores: 321267956
Enviando sensores: 321267833
Enviando sensores: 321202182
Enviando sensores: 321202179
Enviando sensores: 321267715
Enviando sensores: 321266435
Enviando sensores: 321196035
Enviando sensores: 321191938
Enviando sensores: 321257475
Enviando sensores: 321257475
Enviando sensores: 321191939
Enviando sensores: 321191939
Enviando sensores: 321191939
Enviando sensores: 321257475
Enviando sensores: 321257475
Enviando sensores: 321191939
Enviando sensores: 321191939
Enviando sensores: 321257475
Enviando sensores: 321257475
Enviando sensores: 321191939
Enviando sensores: 321191938
Enviando sensores: 321191939
Enviando sensores: 321257475
Enviando sensores: 321257475
Enviando sensores: 321191939
Enviando sensores: 321191939
Enviando sensores: 321257475
Enviando sensores: 321257475
Enviando sensores: 321257475
Enviando sensores: 321191939
Enviando sensores: 321191939
Enviando sensores: 321257475
Enviando sensores: 321257475
Enviando sensores: 321191939
Enviando sensores: 321191939
Enviando sensores: 321191938
Enviando sensores: 321257475
Enviando sensores: 321257475
Enviando sensores: 321191939
Enviando sensores: 321191938
Enviando sensores: 321191939
Enviando sensores: 321257475
Enviando sensores: 321257474
Enviando sensores: 321257475
Enviando sensores: 321191938
Enviando sensores: 321191939
Enviando sensores: 321191938
Enviando sensores: 321257475
Daemon de sensoriamento finalizado!
